<?xml version="1.0" encoding="UTF-8"?>
<testng-results ignored="0" total="1" passed="1" failed="0" skipped="0">
  <reporter-output>
  </reporter-output>
  <suite started-at="2022-01-03T17:44:25 EST" name="InetBankingV1" finished-at="2022-01-03T17:44:33 EST" duration-ms="7577">
    <groups>
    </groups>
    <test started-at="2022-01-03T17:44:25 EST" name="BankingApp Test" finished-at="2022-01-03T17:44:33 EST" duration-ms="7577">
      <class name="com.inetbanking.testcases.TC_LoginTest_01">
        <test-method is-config="true" signature="setUp()[pri:0, instance:com.inetbanking.testcases.TC_LoginTest_01@436a4e4b]" started-at="2022-01-03T17:44:25 EST" name="setUp" finished-at="2022-01-03T17:44:27 EST" duration-ms="1959" status="PASS">
          <reporter-output>
          </reporter-output>
        </test-method> <!-- setUp -->
        <test-method signature="loginTest()[pri:0, instance:com.inetbanking.testcases.TC_LoginTest_01@436a4e4b]" started-at="2022-01-03T17:44:27 EST" name="loginTest" finished-at="2022-01-03T17:44:32 EST" duration-ms="5206" status="PASS">
          <reporter-output>
          </reporter-output>
        </test-method> <!-- loginTest -->
        <test-method is-config="true" signature="tearDown()[pri:0, instance:com.inetbanking.testcases.TC_LoginTest_01@436a4e4b]" started-at="2022-01-03T17:44:32 EST" name="tearDown" finished-at="2022-01-03T17:44:33 EST" duration-ms="188" status="PASS">
          <reporter-output>
          </reporter-output>
        </test-method> <!-- tearDown -->
      </class> <!-- com.inetbanking.testcases.TC_LoginTest_01 -->
    </test> <!-- BankingApp Test -->
  </suite> <!-- InetBankingV1 -->
</testng-results>
